# JRE version: Java(TM) SE Runtime Environment (8.0_20-b26) (build 1.8.0_20-b26)
# Java VM: Java HotSpot(TM) 64-Bit Server VM (25.20-b23 mixed mode windows-amd64 compressed oops)
Heap:
 PSYoungGen      total 361984K, used 19939K [0x000000076b380000, 0x0000000783280000, 0x00000007c0000000)
  eden space 342016K, 0% used [0x000000076b380000,0x000000076b380000,0x0000000780180000)
  from space 19968K, 99% used [0x0000000781f00000,0x0000000783278e50,0x0000000783280000)
  to   space 23552K, 0% used [0x0000000780480000,0x0000000780480000,0x0000000781b80000)
 ParOldGen       total 148480K, used 30517K [0x00000006c1a00000, 0x00000006cab00000, 0x000000076b380000)
  object space 148480K, 20% used [0x00000006c1a00000,0x00000006c37cd600,0x00000006cab00000)
 Metaspace       used 55043K, capacity 59070K, committed 59160K, reserved 1099776K
  class space    used 7323K, capacity 7976K, committed 8064K, reserved 1048576K
GC Heap History (10 events):
Event: 3.474 GC heap after
Heap after GC invocations=8 (full 2):
 PSYoungGen      total 235520K, used 0K [0x000000076b380000, 0x000000077aa00000, 0x00000007c0000000)
  eden space 223232K, 0% used [0x000000076b380000,0x000000076b380000,0x0000000778d80000)
  from space 12288K, 0% used [0x0000000779e00000,0x0000000779e00000,0x000000077aa00000)
  to   space 14336K, 0% used [0x0000000778e00000,0x0000000778e00000,0x0000000779c00000)
 ParOldGen       total 148480K, used 19630K [0x00000006c1a00000, 0x00000006cab00000, 0x000000076b380000)
  object space 148480K, 13% used [0x00000006c1a00000,0x00000006c2d2ba80,0x00000006cab00000)
 Metaspace       used 33838K, capacity 35482K, committed 35496K, reserved 1079296K
  class space    used 4565K, capacity 4851K, committed 4864K, reserved 1048576K
}
Event: 4.669 GC heap before
{Heap before GC invocations=9 (full 2):
 PSYoungGen      total 235520K, used 223232K [0x000000076b380000, 0x000000077aa00000, 0x00000007c0000000)
  eden space 223232K, 100% used [0x000000076b380000,0x0000000778d80000,0x0000000778d80000)
  from space 12288K, 0% used [0x0000000779e00000,0x0000000779e00000,0x000000077aa00000)
  to   space 14336K, 0% used [0x0000000778e00000,0x0000000778e00000,0x0000000779c00000)
 ParOldGen       total 148480K, used 19630K [0x00000006c1a00000, 0x00000006cab00000, 0x000000076b380000)
  object space 148480K, 13% used [0x00000006c1a00000,0x00000006c2d2ba80,0x00000006cab00000)
 Metaspace       used 39239K, capacity 41022K, committed 41216K, reserved 1085440K
  class space    used 5167K, capacity 5505K, committed 5632K, reserved 1048576K
Event: 4.674 GC heap after
Heap after GC invocations=9 (full 2):
 PSYoungGen      total 238080K, used 7456K [0x000000076b380000, 0x000000077f780000, 0x00000007c0000000)
  eden space 223744K, 0% used [0x000000076b380000,0x000000076b380000,0x0000000778e00000)
  from space 14336K, 52% used [0x0000000778e00000,0x0000000779548348,0x0000000779c00000)
  to   space 14336K, 0% used [0x000000077e980000,0x000000077e980000,0x000000077f780000)
 ParOldGen       total 148480K, used 19718K [0x00000006c1a00000, 0x00000006cab00000, 0x000000076b380000)
  object space 148480K, 13% used [0x00000006c1a00000,0x00000006c2d41a90,0x00000006cab00000)
 Metaspace       used 39239K, capacity 41022K, committed 41216K, reserved 1085440K
  class space    used 5167K, capacity 5505K, committed 5632K, reserved 1048576K
}
Event: 5.668 GC heap before
{Heap before GC invocations=10 (full 2):
 PSYoungGen      total 238080K, used 231200K [0x000000076b380000, 0x000000077f780000, 0x00000007c0000000)
  eden space 223744K, 100% used [0x000000076b380000,0x0000000778e00000,0x0000000778e00000)
  from space 14336K, 52% used [0x0000000778e00000,0x0000000779548348,0x0000000779c00000)
  to   space 14336K, 0% used [0x000000077e980000,0x000000077e980000,0x000000077f780000)
 ParOldGen       total 148480K, used 19718K [0x00000006c1a00000, 0x00000006cab00000, 0x000000076b380000)
  object space 148480K, 13% used [0x00000006c1a00000,0x00000006c2d41a90,0x00000006cab00000)
 Metaspace       used 48433K, capacity 51010K, committed 51328K, reserved 1093632K
  class space    used 6465K, capacity 6935K, committed 7040K, reserved 1048576K
Event: 5.679 GC heap after
Heap after GC invocations=10 (full 2):
 PSYoungGen      total 311808K, used 14333K [0x000000076b380000, 0x000000077fb00000, 0x00000007c0000000)
  eden space 297472K, 0% used [0x000000076b380000,0x000000076b380000,0x000000077d600000)
  from space 14336K, 99% used [0x000000077e980000,0x000000077f77f558,0x000000077f780000)
  to   space 18944K, 0% used [0x000000077d600000,0x000000077d600000,0x000000077e880000)
 ParOldGen       total 148480K, used 27099K [0x00000006c1a00000, 0x00000006cab00000, 0x000000076b380000)
  object space 148480K, 18% used [0x00000006c1a00000,0x00000006c3476cd0,0x00000006cab00000)
 Metaspace       used 48433K, capacity 51010K, committed 51328K, reserved 1093632K
  class space    used 6465K, capacity 6935K, committed 7040K, reserved 1048576K
}
Event: 6.273 GC heap before
{Heap before GC invocations=11 (full 2):
 PSYoungGen      total 311808K, used 311805K [0x000000076b380000, 0x000000077fb00000, 0x00000007c0000000)
  eden space 297472K, 100% used [0x000000076b380000,0x000000077d600000,0x000000077d600000)
  from space 14336K, 99% used [0x000000077e980000,0x000000077f77f558,0x000000077f780000)
  to   space 18944K, 0% used [0x000000077d600000,0x000000077d600000,0x000000077e880000)
 ParOldGen       total 148480K, used 27099K [0x00000006c1a00000, 0x00000006cab00000, 0x000000076b380000)
  object space 148480K, 18% used [0x00000006c1a00000,0x00000006c3476cd0,0x00000006cab00000)
 Metaspace       used 48544K, capacity 51282K, committed 51584K, reserved 1093632K
  class space    used 6479K, capacity 6960K, committed 7040K, reserved 1048576K
Event: 6.280 GC heap after
Heap after GC invocations=11 (full 2):
 PSYoungGen      total 316416K, used 15165K [0x000000076b380000, 0x0000000783280000, 0x00000007c0000000)
  eden space 297472K, 0% used [0x000000076b380000,0x000000076b380000,0x000000077d600000)
  from space 18944K, 80% used [0x000000077d600000,0x000000077e4cf7d0,0x000000077e880000)
  to   space 19968K, 0% used [0x0000000781f00000,0x0000000781f00000,0x0000000783280000)
 ParOldGen       total 148480K, used 27107K [0x00000006c1a00000, 0x00000006cab00000, 0x000000076b380000)
  object space 148480K, 18% used [0x00000006c1a00000,0x00000006c3478cd0,0x00000006cab00000)
 Metaspace       used 48544K, capacity 51282K, committed 51584K, reserved 1093632K
  class space    used 6479K, capacity 6960K, committed 7040K, reserved 1048576K
}
Event: 1787.938 GC heap before
{Heap before GC invocations=12 (full 2):
 PSYoungGen      total 316416K, used 247751K [0x000000076b380000, 0x0000000783280000, 0x00000007c0000000)
  eden space 297472K, 78% used [0x000000076b380000,0x00000007796a2800,0x000000077d600000)
  from space 18944K, 80% used [0x000000077d600000,0x000000077e4cf7d0,0x000000077e880000)
  to   space 19968K, 0% used [0x0000000781f00000,0x0000000781f00000,0x0000000783280000)
 ParOldGen       total 148480K, used 27107K [0x00000006c1a00000, 0x00000006cab00000, 0x000000076b380000)
  object space 148480K, 18% used [0x00000006c1a00000,0x00000006c3478cd0,0x00000006cab00000)
 Metaspace       used 55043K, capacity 59070K, committed 59160K, reserved 1099776K
  class space    used 7323K, capacity 7976K, committed 8064K, reserved 1048576K
Event: 1787.951 GC heap after
Heap after GC invocations=12 (full 2):
 PSYoungGen      total 361984K, used 19939K [0x000000076b380000, 0x0000000783280000, 0x00000007c0000000)
  eden space 342016K, 0% used [0x000000076b380000,0x000000076b380000,0x0000000780180000)
  from space 19968K, 99% used [0x0000000781f00000,0x0000000783278e50,0x0000000783280000)
  to   space 23552K, 0% used [0x0000000780480000,0x0000000780480000,0x0000000781b80000)
 ParOldGen       total 148480K, used 30517K [0x00000006c1a00000, 0x00000006cab00000, 0x000000076b380000)
  object space 148480K, 20% used [0x00000006c1a00000,0x00000006c37cd600,0x00000006cab00000)
 Metaspace       used 55043K, capacity 59070K, committed 59160K, reserved 1099776K
  class space    used 7323K, capacity 7976K, committed 8064K, reserved 1048576K
}
Event: 1787.951 GC heap before
{Heap before GC invocations=13 (full 3):
 PSYoungGen      total 361984K, used 19939K [0x000000076b380000, 0x0000000783280000, 0x00000007c0000000)
  eden space 342016K, 0% used [0x000000076b380000,0x000000076b380000,0x0000000780180000)
  from space 19968K, 99% used [0x0000000781f00000,0x0000000783278e50,0x0000000783280000)
  to   space 23552K, 0% used [0x0000000780480000,0x0000000780480000,0x0000000781b80000)
 ParOldGen       total 148480K, used 30517K [0x00000006c1a00000, 0x00000006cab00000, 0x000000076b380000)
  object space 148480K, 20% used [0x00000006c1a00000,0x00000006c37cd600,0x00000006cab00000)
 Metaspace       used 55043K, capacity 59070K, committed 59160K, reserved 1099776K
  class space    used 7323K, capacity 7976K, committed 8064K, reserved 1048576K

