# JRE version: Java(TM) SE Runtime Environment (8.0_20-b26) (build 1.8.0_20-b26)
# Java VM: Java HotSpot(TM) 64-Bit Server VM (25.20-b23 mixed mode windows-amd64 compressed oops)
Heap:
 PSYoungGen      total 225792K, used 161814K [0x000000076b380000, 0x000000077a080000, 0x00000007c0000000)
  eden space 215040K, 75% used [0x000000076b380000,0x0000000775185a10,0x0000000778580000)
  from space 10752K, 0% used [0x0000000779600000,0x0000000779600000,0x000000077a080000)
  to   space 13312K, 0% used [0x0000000778680000,0x0000000778680000,0x0000000779380000)
 ParOldGen       total 152576K, used 19077K [0x00000006c1a00000, 0x00000006caf00000, 0x000000076b380000)
  object space 152576K, 12% used [0x00000006c1a00000,0x00000006c2ca16b0,0x00000006caf00000)
 Metaspace       used 41453K, capacity 43806K, committed 44160K, reserved 1087488K
  class space    used 5741K, capacity 6146K, committed 6272K, reserved 1048576K
GC Heap History (10 events):
Event: 2.141 GC heap before
{Heap before GC invocations=4 (full 0):
 PSYoungGen      total 76288K, used 36100K [0x000000076b380000, 0x0000000774880000, 0x00000007c0000000)
  eden space 65536K, 39% used [0x000000076b380000,0x000000076cc84768,0x000000076f380000)
  from space 10752K, 97% used [0x000000076f380000,0x000000076fdbcc58,0x000000076fe00000)
  to   space 10752K, 0% used [0x0000000773e00000,0x0000000773e00000,0x0000000774880000)
 ParOldGen       total 175104K, used 32K [0x00000006c1a00000, 0x00000006cc500000, 0x000000076b380000)
  object space 175104K, 0% used [0x00000006c1a00000,0x00000006c1a08000,0x00000006cc500000)
 Metaspace       used 20575K, capacity 21216K, committed 21296K, reserved 1067008K
  class space    used 2763K, capacity 2908K, committed 2944K, reserved 1048576K
Event: 2.146 GC heap after
Heap after GC invocations=4 (full 0):
 PSYoungGen      total 141824K, used 8103K [0x000000076b380000, 0x0000000774880000, 0x00000007c0000000)
  eden space 131072K, 0% used [0x000000076b380000,0x000000076b380000,0x0000000773380000)
  from space 10752K, 75% used [0x0000000773e00000,0x00000007745e9f18,0x0000000774880000)
  to   space 10752K, 0% used [0x0000000773380000,0x0000000773380000,0x0000000773e00000)
 ParOldGen       total 175104K, used 40K [0x00000006c1a00000, 0x00000006cc500000, 0x000000076b380000)
  object space 175104K, 0% used [0x00000006c1a00000,0x00000006c1a0a000,0x00000006cc500000)
 Metaspace       used 20575K, capacity 21216K, committed 21296K, reserved 1067008K
  class space    used 2763K, capacity 2908K, committed 2944K, reserved 1048576K
}
Event: 2.146 GC heap before
{Heap before GC invocations=5 (full 1):
 PSYoungGen      total 141824K, used 8103K [0x000000076b380000, 0x0000000774880000, 0x00000007c0000000)
  eden space 131072K, 0% used [0x000000076b380000,0x000000076b380000,0x0000000773380000)
  from space 10752K, 75% used [0x0000000773e00000,0x00000007745e9f18,0x0000000774880000)
  to   space 10752K, 0% used [0x0000000773380000,0x0000000773380000,0x0000000773e00000)
 ParOldGen       total 175104K, used 40K [0x00000006c1a00000, 0x00000006cc500000, 0x000000076b380000)
  object space 175104K, 0% used [0x00000006c1a00000,0x00000006c1a0a000,0x00000006cc500000)
 Metaspace       used 20575K, capacity 21216K, committed 21296K, reserved 1067008K
  class space    used 2763K, capacity 2908K, committed 2944K, reserved 1048576K
Event: 2.168 GC heap after
Heap after GC invocations=5 (full 1):
 PSYoungGen      total 141824K, used 0K [0x000000076b380000, 0x0000000774880000, 0x00000007c0000000)
  eden space 131072K, 0% used [0x000000076b380000,0x000000076b380000,0x0000000773380000)
  from space 10752K, 0% used [0x0000000773e00000,0x0000000773e00000,0x0000000774880000)
  to   space 10752K, 0% used [0x0000000773380000,0x0000000773380000,0x0000000773e00000)
 ParOldGen       total 92672K, used 7804K [0x00000006c1a00000, 0x00000006c7480000, 0x000000076b380000)
  object space 92672K, 8% used [0x00000006c1a00000,0x00000006c219f2e8,0x00000006c7480000)
 Metaspace       used 20573K, capacity 21214K, committed 21296K, reserved 1067008K
  class space    used 2762K, capacity 2907K, committed 2944K, reserved 1048576K
}
Event: 2.704 GC heap before
{Heap before GC invocations=6 (full 1):
 PSYoungGen      total 141824K, used 131072K [0x000000076b380000, 0x0000000774880000, 0x00000007c0000000)
  eden space 131072K, 100% used [0x000000076b380000,0x0000000773380000,0x0000000773380000)
  from space 10752K, 0% used [0x0000000773e00000,0x0000000773e00000,0x0000000774880000)
  to   space 10752K, 0% used [0x0000000773380000,0x0000000773380000,0x0000000773e00000)
 ParOldGen       total 92672K, used 7804K [0x00000006c1a00000, 0x00000006c7480000, 0x000000076b380000)
  object space 92672K, 8% used [0x00000006c1a00000,0x00000006c219f2e8,0x00000006c7480000)
 Metaspace       used 26350K, capacity 27408K, committed 27648K, reserved 1073152K
  class space    used 3588K, capacity 3794K, committed 3840K, reserved 1048576K
Event: 2.711 GC heap after
Heap after GC invocations=6 (full 1):
 PSYoungGen      total 141824K, used 9379K [0x000000076b380000, 0x000000077a080000, 0x00000007c0000000)
  eden space 131072K, 0% used [0x000000076b380000,0x000000076b380000,0x0000000773380000)
  from space 10752K, 87% used [0x0000000773380000,0x0000000773ca8d28,0x0000000773e00000)
  to   space 10752K, 0% used [0x0000000779600000,0x0000000779600000,0x000000077a080000)
 ParOldGen       total 92672K, used 7812K [0x00000006c1a00000, 0x00000006c7480000, 0x000000076b380000)
  object space 92672K, 8% used [0x00000006c1a00000,0x00000006c21a12e8,0x00000006c7480000)
 Metaspace       used 26350K, capacity 27408K, committed 27648K, reserved 1073152K
  class space    used 3588K, capacity 3794K, committed 3840K, reserved 1048576K
}
Event: 4.111 GC heap before
{Heap before GC invocations=7 (full 1):
 PSYoungGen      total 141824K, used 139292K [0x000000076b380000, 0x000000077a080000, 0x00000007c0000000)
  eden space 131072K, 99% used [0x000000076b380000,0x000000077325e600,0x0000000773380000)
  from space 10752K, 87% used [0x0000000773380000,0x0000000773ca8d28,0x0000000773e00000)
  to   space 10752K, 0% used [0x0000000779600000,0x0000000779600000,0x000000077a080000)
 ParOldGen       total 92672K, used 7812K [0x00000006c1a00000, 0x00000006c7480000, 0x000000076b380000)
  object space 92672K, 8% used [0x00000006c1a00000,0x00000006c21a12e8,0x00000006c7480000)
 Metaspace       used 33515K, capacity 35324K, committed 35456K, reserved 1079296K
  class space    used 4556K, capacity 4894K, committed 4992K, reserved 1048576K
Event: 4.119 GC heap after
Heap after GC invocations=7 (full 1):
 PSYoungGen      total 225792K, used 10748K [0x000000076b380000, 0x000000077a080000, 0x00000007c0000000)
  eden space 215040K, 0% used [0x000000076b380000,0x000000076b380000,0x0000000778580000)
  from space 10752K, 99% used [0x0000000779600000,0x000000077a07f3b8,0x000000077a080000)
  to   space 13312K, 0% used [0x0000000778680000,0x0000000778680000,0x0000000779380000)
 ParOldGen       total 92672K, used 10650K [0x00000006c1a00000, 0x00000006c7480000, 0x000000076b380000)
  object space 92672K, 11% used [0x00000006c1a00000,0x00000006c2466b60,0x00000006c7480000)
 Metaspace       used 33515K, capacity 35324K, committed 35456K, reserved 1079296K
  class space    used 4556K, capacity 4894K, committed 4992K, reserved 1048576K
}
Event: 4.119 GC heap before
{Heap before GC invocations=8 (full 2):
 PSYoungGen      total 225792K, used 10748K [0x000000076b380000, 0x000000077a080000, 0x00000007c0000000)
  eden space 215040K, 0% used [0x000000076b380000,0x000000076b380000,0x0000000778580000)
  from space 10752K, 99% used [0x0000000779600000,0x000000077a07f3b8,0x000000077a080000)
  to   space 13312K, 0% used [0x0000000778680000,0x0000000778680000,0x0000000779380000)
 ParOldGen       total 92672K, used 10650K [0x00000006c1a00000, 0x00000006c7480000, 0x000000076b380000)
  object space 92672K, 11% used [0x00000006c1a00000,0x00000006c2466b60,0x00000006c7480000)
 Metaspace       used 33515K, capacity 35324K, committed 35456K, reserved 1079296K
  class space    used 4556K, capacity 4894K, committed 4992K, reserved 1048576K
Event: 4.190 GC heap after
Heap after GC invocations=8 (full 2):
 PSYoungGen      total 225792K, used 0K [0x000000076b380000, 0x000000077a080000, 0x00000007c0000000)
  eden space 215040K, 0% used [0x000000076b380000,0x000000076b380000,0x0000000778580000)
  from space 10752K, 0% used [0x0000000779600000,0x0000000779600000,0x000000077a080000)
  to   space 13312K, 0% used [0x0000000778680000,0x0000000778680000,0x0000000779380000)
 ParOldGen       total 152576K, used 19077K [0x00000006c1a00000, 0x00000006caf00000, 0x000000076b380000)
  object space 152576K, 12% used [0x00000006c1a00000,0x00000006c2ca16b0,0x00000006caf00000)
 Metaspace       used 33515K, capacity 35324K, committed 35456K, reserved 1079296K
  class space    used 4556K, capacity 4894K, committed 4992K, reserved 1048576K
}

